<?xml version="1.0" encoding="UTF-8"?>
<testsuite xmlns:xsi="http://www.w3.org/2001/XMLSchema-instance" xsi:noNamespaceSchemaLocation="https://maven.apache.org/surefire/maven-surefire-plugin/xsd/surefire-test-report-3.0.xsd" version="3.0" name="com.healthanalyzer.scoring.ScoringEngineTest" time="0.046" tests="6" errors="0" skipped="0" failures="0">
  <properties>
[...]
</properties>
  <testcase name="testEmptyRepository" classname="com.healthanalyzer.scoring.ScoringEngineTest" time="0.026">
    <system-out><![CDATA[22:09:39.927 [main] INFO  c.h.scoring.ScoringEngine - Calculating health score for owner/empty
]]></system-out>
  </testcase>
  <testcase name="testArchivedRepositoryIsDead" classname="com.healthanalyzer.scoring.ScoringEngineTest" time="0.002">
    <system-out><![CDATA[22:09:39.949 [main] INFO  c.h.scoring.ScoringEngine - Calculating health score for owner/archived-repo
]]></system-out>
  </testcase>
  <testcase name="testDocumentationScore" classname="com.healthanalyzer.scoring.ScoringEngineTest" time="0.004">
    <system-out><![CDATA[22:09:39.952 [main] INFO  c.h.scoring.ScoringEngine - Calculating health score for owner/well-documented
]]></system-out>
  </testcase>
  <testcase name="testActiveRepositoryGetsHighScore" classname="com.healthanalyzer.scoring.ScoringEngineTest" time="0.003">
    <system-out><![CDATA[22:09:39.956 [main] INFO  c.h.scoring.ScoringEngine - Calculating health score for owner/repo
]]></system-out>
  </testcase>
  <testcase name="testSingleContributorRisk" classname="com.healthanalyzer.scoring.ScoringEngineTest" time="0.002">
    <system-out><![CDATA[22:09:39.960 [main] INFO  c.h.scoring.ScoringEngine - Calculating health score for owner/single-maintainer
]]></system-out>
  </testcase>
  <testcase name="testZombieRepositoryDetection" classname="com.healthanalyzer.scoring.ScoringEngineTest" time="0.004">
    <system-out><![CDATA[22:09:39.962 [main] INFO  c.h.scoring.ScoringEngine - Calculating health score for owner/popular-repo
]]></system-out>
  </testcase>
</testsuite>
