<?xml version="1.0" encoding="UTF-8"?>
<testsuite xmlns:xsi="http://www.w3.org/2001/XMLSchema-instance" xsi:noNamespaceSchemaLocation="https://maven.apache.org/surefire/maven-surefire-plugin/xsd/surefire-test-report-3.0.xsd" version="3.0" name="com.healthanalyzer.api.GitHubClientTest" time="0.357" tests="3" errors="0" skipped="0" failures="0">
  <properties>
[...]
</properties>
  <testcase name="testClientWithNullToken" classname="com.healthanalyzer.api.GitHubClientTest" time="0.333">
    <system-out><![CDATA[22:09:39,599 |-INFO in ch.qos.logback.classic.LoggerContext[default] - This is logback-classic version 1.4.11
22:09:39,601 |-INFO in ch.qos.logback.classic.util.ContextInitializer@4470fbd6 - No custom configurators were discovered as a service.
22:09:39,601 |-INFO in ch.qos.logback.classic.util.ContextInitializer@4470fbd6 - Trying to configure with ch.qos.logback.classic.joran.SerializedModelConfigurator
22:09:39,602 |-INFO in ch.qos.logback.classic.util.ContextInitializer@4470fbd6 - Constructed configurator of type class ch.qos.logback.classic.joran.SerializedModelConfigurator
22:09:39,621 |-INFO in ch.qos.logback.classic.LoggerContext[default] - Could NOT find resource [logback-test.scmo]
22:09:39,621 |-INFO in ch.qos.logback.classic.LoggerContext[default] - Could NOT find resource [logback.scmo]
22:09:39,626 |-INFO in ch.qos.logback.classic.util.ContextInitializer@4470fbd6 - ch.qos.logback.classic.joran.SerializedModelConfigurator.configure() call lasted 19 milliseconds. ExecutionStatus=INVOKE_NEXT_IF_ANY
22:09:39,626 |-INFO in ch.qos.logback.classic.util.ContextInitializer@4470fbd6 - Trying to configure with ch.qos.logback.classic.util.DefaultJoranConfigurator
22:09:39,626 |-INFO in ch.qos.logback.classic.util.ContextInitializer@4470fbd6 - Constructed configurator of type class ch.qos.logback.classic.util.DefaultJoranConfigurator
22:09:39,626 |-INFO in ch.qos.logback.classic.LoggerContext[default] - Could NOT find resource [logback-test.xml]
22:09:39,628 |-INFO in ch.qos.logback.classic.LoggerContext[default] - Found resource [logback.xml] at [file:/workspace/project/target/classes/logback.xml]
22:09:39,683 |-INFO in ch.qos.logback.core.model.processor.AppenderModelHandler - Processing appender named [STDOUT]
22:09:39,683 |-INFO in ch.qos.logback.core.model.processor.AppenderModelHandler - About to instantiate appender of type [ch.qos.logback.core.ConsoleAppender]
22:09:39,686 |-INFO in ch.qos.logback.core.model.processor.ImplicitModelHandler - Assuming default type [ch.qos.logback.classic.encoder.PatternLayoutEncoder] for [encoder] property
22:09:39,712 |-WARN in ch.qos.logback.core.model.processor.AppenderModelHandler - Appender named [FILE] not referenced. Skipping further processing.
22:09:39,712 |-INFO in ch.qos.logback.classic.model.processor.LoggerModelHandler - Setting level of logger [com.healthanalyzer] to INFO
22:09:39,712 |-INFO in ch.qos.logback.classic.model.processor.LoggerModelHandler - Setting level of logger [com.healthanalyzer.api] to DEBUG
22:09:39,712 |-INFO in ch.qos.logback.classic.model.processor.RootLoggerModelHandler - Setting level of ROOT logger to INFO
22:09:39,712 |-INFO in ch.qos.logback.core.model.processor.AppenderRefModelHandler - Attaching appender named [STDOUT] to Logger[ROOT]
22:09:39,713 |-INFO in ch.qos.logback.core.model.processor.DefaultProcessor@15d49048 - End of configuration.
22:09:39,713 |-INFO in ch.qos.logback.classic.joran.JoranConfigurator@7098b907 - Registering current configuration as safe fallback point
22:09:39,713 |-INFO in ch.qos.logback.classic.util.ContextInitializer@4470fbd6 - ch.qos.logback.classic.util.DefaultJoranConfigurator.configure() call lasted 87 milliseconds. ExecutionStatus=DO_NOT_INVOKE_NEXT_IF_ANY

]]></system-out>
  </testcase>
  <testcase name="testExceptionProperties" classname="com.healthanalyzer.api.GitHubClientTest" time="0.001"/>
  <testcase name="testClientCreation" classname="com.healthanalyzer.api.GitHubClientTest" time="0.002"/>
</testsuite>
